<?xml version="1.0" encoding="UTF-8"?>
<testsuite name="musementpark.offline.management.chain.ChainTest" tests="1" skipped="0" failures="0" errors="0" timestamp="2021-10-25T13:10:10" hostname="fanqing-mdeMacBook-Pro.local" time="0.017">
  <properties/>
  <testcase name="test()" classname="musementpark.offline.management.chain.ChainTest" time="0.017"/>
  <system-out><![CDATA[总管理部门解决了一个难度为 50 的 bug
]]></system-out>
  <system-err><![CDATA[]]></system-err>
</testsuite>
