<?xml version="1.0" encoding="UTF-8"?>
<testsuite name="musementpark.offline.entertainment.decorator.DecoratorTest" tests="1" skipped="0" failures="0" errors="0" timestamp="2021-10-29T07:07:26" hostname="fanqing-mdeMacBook-Pro.local" time="0.039">
  <properties/>
  <testcase name="DecoratorTest3()" classname="musementpark.offline.entertainment.decorator.DecoratorTest" time="0.039"/>
  <system-out><![CDATA[
Print:
	className = Composite;
	objectId = 2012720039;
	methodName = addChild;
	description = 娱乐区添加孩子高空;


Print:
	className = Composite;
	objectId = 2012720039;
	methodName = addChild;
	description = 娱乐区添加孩子陆地;


Print:
	className = Composite;
	objectId = 1163392163;
	methodName = addChild;
	description = 高空添加孩子摩天轮;


Print:
	className = Composite;
	objectId = 1163392163;
	methodName = addChild;
	description = 高空添加孩子过山车;


Print:
	className = Composite;
	objectId = 968072538;
	methodName = addChild;
	description = 陆地添加孩子旋转木马;


Print:
	className = Composite;
	objectId = 968072538;
	methodName = addChild;
	description = 陆地添加孩子鬼屋;


Print:
	className = FenceDecorator;
	objectId = 1078930427;
	methodName = FenceDecorator;
	description = 摩天轮 加一边围栏;


Print:
	className = FenceDecorator;
	objectId = 1262406882;
	methodName = FenceDecorator;
	description = 摩天轮 加一边围栏 加一边围栏;


Print:
	className = TimeDecorator;
	objectId = 834063306;
	methodName = TimeDecorator;
	description = 摩天轮 加一边围栏 加一边围栏 加计时功能;

]]></system-out>
  <system-err><![CDATA[]]></system-err>
</testsuite>
