<?xml version="1.0" encoding="UTF-8"?>
<testsuite name="musementpark.offline.entertainment.decorator.DecoratorTest" tests="3" skipped="0" failures="0" errors="0" timestamp="2021-10-19T14:20:51" hostname="fanqing-mdeMacBook-Pro.local" time="0.023">
  <properties/>
  <testcase name="DecoratorTest1()" classname="musementpark.offline.entertainment.decorator.DecoratorTest" time="0.017"/>
  <testcase name="DecoratorTest2()" classname="musementpark.offline.entertainment.decorator.DecoratorTest" time="0.002"/>
  <testcase name="DecoratorTest3()" classname="musementpark.offline.entertainment.decorator.DecoratorTest" time="0.001"/>
  <system-out><![CDATA[娱乐设施, 销售价格: 8
娱乐设施 加一边围栏, 销售价格: 9
娱乐设施 加一边围栏 加一边围栏, 销售价格: 10
]]></system-out>
  <system-err><![CDATA[]]></system-err>
</testsuite>
