<?xml version="1.0" encoding="UTF-8"?>
<testsuite name="musementpark.offline.entertainment.iterator.IteratorTest" tests="1" skipped="0" failures="0" errors="0" timestamp="2021-10-29T07:07:26" hostname="fanqing-mdeMacBook-Pro.local" time="0.009">
  <properties/>
  <testcase name="suitListTest()" classname="musementpark.offline.entertainment.iterator.IteratorTest" time="0.009"/>
  <system-out><![CDATA[
Print:
	className = Composite;
	objectId = 1912615911;
	methodName = addChild;
	description = 服装添加孩子男装;


Print:
	className = Composite;
	objectId = 1912615911;
	methodName = addChild;
	description = 服装添加孩子女装;


Print:
	className = Composite;
	objectId = 1171123317;
	methodName = addChild;
	description = 男装添加孩子衬衣;


Print:
	className = Composite;
	objectId = 1171123317;
	methodName = addChild;
	description = 男装添加孩子夹克;


Print:
	className = Composite;
	objectId = 1391753434;
	methodName = addChild;
	description = 女装添加孩子裙子;


Print:
	className = Composite;
	objectId = 1391753434;
	methodName = addChild;
	description = 女装添加孩子套装;

男装
女装
衬衣
夹克
裙子
套装
]]></system-out>
  <system-err><![CDATA[]]></system-err>
</testsuite>
