<?xml version="1.0" encoding="UTF-8"?>
<testsuite name="musementpark.offline.base.blackboard.BlackboardTest" tests="1" skipped="0" failures="0" errors="0" timestamp="2021-10-28T15:03:54" hostname="fanqing-mdeMacBook-Pro.local" time="0.002">
  <properties/>
  <testcase name="blackboardtest()" classname="musementpark.offline.base.blackboard.BlackboardTest" time="0.002"/>
  <system-out><![CDATA[This is a message from Printer resource
The printer message
This is a message from Correct resource
The correct message
]]></system-out>
  <system-err><![CDATA[]]></system-err>
</testsuite>
