<?xml version="1.0" encoding="UTF-8"?>
<testsuite name="musementpark.offline.base.flower.bridge.IMakeTest" tests="1" skipped="0" failures="0" errors="0" timestamp="2021-10-29T07:07:26" hostname="fanqing-mdeMacBook-Pro.local" time="0.005">
  <properties/>
  <testcase name="plantTest()" classname="musementpark.offline.base.flower.bridge.IMakeTest" time="0.005"/>
  <system-out><![CDATA[栽种红菊花
栽种黄菊花
栽种红梅花
栽种黄梅花
]]></system-out>
  <system-err><![CDATA[]]></system-err>
</testsuite>
