<?xml version="1.0" encoding="UTF-8"?>
<testsuite name="musementpark.offline.entertainment.composite.CompositeTest" tests="1" skipped="0" failures="0" errors="0" timestamp="2021-10-29T05:52:35" hostname="fanqing-mdeMacBook-Pro.local" time="0.019">
  <properties/>
  <testcase name="compositeTest()" classname="musementpark.offline.entertainment.composite.CompositeTest" time="0.019"/>
  <system-out><![CDATA[
Print:
	className = Composite;
	objectId = 1521929235;
	methodName = addChild;
	description = 娱乐区添加孩子高空;


Print:
	className = Composite;
	objectId = 1521929235;
	methodName = addChild;
	description = 娱乐区添加孩子陆地;


Print:
	className = Composite;
	objectId = 1076985615;
	methodName = addChild;
	description = 高空添加孩子摩天轮;


Print:
	className = Composite;
	objectId = 1076985615;
	methodName = addChild;
	description = 高空添加孩子过山车;


Print:
	className = Composite;
	objectId = 1371463804;
	methodName = addChild;
	description = 陆地添加孩子旋转木马;


Print:
	className = Composite;
	objectId = 1371463804;
	methodName = removeChild;
	description = 陆地移除孩子旋转木马;


Print:
	className = Composite;
	objectId = 1371463804;
	methodName = addChild;
	description = 陆地添加孩子旋转木马;


Print:
	className = Composite;
	objectId = 1371463804;
	methodName = addChild;
	description = 陆地添加孩子鬼屋;

]]></system-out>
  <system-err><![CDATA[]]></system-err>
</testsuite>
