<?xml version="1.0" encoding="UTF-8"?>
<testsuite name="musementpark.base.servant.ServantTest" tests="1" skipped="0" failures="0" errors="0" timestamp="2021-11-01T06:42:50" hostname="fanqing-mdeMacBook-Pro.local" time="0.022">
  <properties/>
  <testcase name="ServantTest()" classname="musementpark.base.servant.ServantTest" time="0.022"/>
  <system-out><![CDATA[
Print:
	className = CleaningServiced;
	objectId = 1993955286;
	methodName = setServiced;
	description = 清洁服务被执行;


Print:
	className = Servant;
	objectId = 620823328;
	methodName = service;
	description = 雇工执行服务;


Print:
	className = FoodServiced;
	objectId = 1868639924;
	methodName = setServiced;
	description = 食品服务被执行;


Print:
	className = Servant;
	objectId = 620823328;
	methodName = service;
	description = 雇工执行服务;


Print:
	className = MedicalServiced;
	objectId = 700108932;
	methodName = setServiced;
	description = 医疗服务被执行;


Print:
	className = Servant;
	objectId = 620823328;
	methodName = service;
	description = 雇工执行服务;

]]></system-out>
  <system-err><![CDATA[]]></system-err>
</testsuite>
