<?xml version="1.0" encoding="UTF-8"?>
<testsuite name="musementpark.offline.entertainment.iterator.IteratorTest" tests="1" skipped="0" failures="0" errors="0" timestamp="2021-10-25T13:49:02" hostname="fanqing-mdeMacBook-Pro.local" time="0.023">
  <properties/>
  <testcase name="suitListTest()" classname="musementpark.offline.entertainment.iterator.IteratorTest" time="0.023"/>
  <system-out><![CDATA[男装
女装
衬衣
夹克
裙子
套装
]]></system-out>
  <system-err><![CDATA[]]></system-err>
</testsuite>
