<?xml version="1.0" encoding="UTF-8"?>
<testsuite name="musementpark.offline.management.convert.ConvertTest" tests="1" skipped="0" failures="0" errors="0" timestamp="2021-11-02T01:28:16" hostname="fanqing-mdeMacBook-Pro.local" time="0.021">
  <properties/>
  <testcase name="testConvert()" classname="musementpark.offline.management.convert.ConvertTest" time="0.021"/>
  <system-out><![CDATA[
Print:
	className = Clark;
	objectId = 1316512866;
	methodName = checkClarkCard;
	description = 职工卡上姓名是：游乐园人力资源经理——小明,工作ID是：123;


Print:
	className = Clark;
	objectId = 1702932354;
	methodName = checkClark;
	description = 该职工姓名是：游乐园人力资源经理——小明,工作ID是：123,办公室在游乐园人力资源部门,家庭地址是：上海市同济大学;

]]></system-out>
  <system-err><![CDATA[]]></system-err>
</testsuite>
