<?xml version="1.0" encoding="UTF-8"?>
<testsuite name="musementpark.offline.shoppingarea.suitstore.iterator.SuitListTest" tests="1" skipped="0" failures="0" errors="0" timestamp="2021-10-08T00:17:26" hostname="fanqing-mdeMacBook-Pro.local" time="0.022">
  <properties/>
  <testcase name="suitListTest()" classname="musementpark.offline.shoppingarea.suitstore.iterator.SuitListTest" time="0.022"/>
  <system-out><![CDATA[男装
女装
衬衣
夹克
裙子
套装
]]></system-out>
  <system-err><![CDATA[]]></system-err>
</testsuite>
