<?xml version="1.0" encoding="UTF-8"?>
<testsuite name="musementpark.offline.entertainment.composite.CompositeTest" tests="1" skipped="0" failures="0" errors="0" timestamp="2021-10-28T15:03:54" hostname="fanqing-mdeMacBook-Pro.local" time="0.019">
  <properties/>
  <testcase name="compositeTest()" classname="musementpark.offline.entertainment.composite.CompositeTest" time="0.019"/>
  <system-out><![CDATA[游乐设施
 高空类游乐设施
  摩天轮
  过山车
 陆地类游乐设施
  旋转木马
  鬼屋
 水面类游乐设施
  水上乐园
  水球
]]></system-out>
  <system-err><![CDATA[]]></system-err>
</testsuite>
