<?xml version="1.0" encoding="UTF-8"?>
<testsuite name="musementpark.offline.entertainment.iterator.IteratorTest" tests="1" skipped="0" failures="0" errors="0" timestamp="2021-10-31T07:00:28" hostname="fanqing-mdeMacBook-Pro.local" time="0.03">
  <properties/>
  <testcase name="entertainmentListTest()" classname="musementpark.offline.entertainment.iterator.IteratorTest" time="0.03"/>
  <system-out><![CDATA[
Print:
	className = Composite;
	objectId = 2037939204;
	methodName = addChild;
	description = 娱乐区添加孩子高空;


Print:
	className = Composite;
	objectId = 2037939204;
	methodName = addChild;
	description = 娱乐区添加孩子陆地;


Print:
	className = Composite;
	objectId = 1527576447;
	methodName = addChild;
	description = 高空添加孩子摩天轮;


Print:
	className = Composite;
	objectId = 1527576447;
	methodName = addChild;
	description = 高空添加孩子过山车;


Print:
	className = Composite;
	objectId = 253321496;
	methodName = addChild;
	description = 陆地添加孩子旋转木马;


Print:
	className = Composite;
	objectId = 253321496;
	methodName = addChild;
	description = 陆地添加孩子鬼屋;

高空
陆地
摩天轮
过山车
旋转木马
鬼屋
]]></system-out>
  <system-err><![CDATA[]]></system-err>
</testsuite>
