<?xml version="1.0" encoding="UTF-8"?>
<testsuite name="musementpark.online.TemplatePattern.TicketTest" tests="1" skipped="0" failures="0" errors="0" timestamp="2021-11-02T15:19:22" hostname="DESKTOP-1MKKAF7" time="0.03">
  <properties/>
  <testcase name="ticketTest()" classname="musementpark.online.TemplatePattern.TicketTest" time="0.03"/>
  <system-out><![CDATA[
Print:
	className = Ticket;
	objectId = 662659913;
	methodName = showInfo;
	description = price是100,折扣是1.0,总价是100.0;


Print:
	className = Ticket;
	objectId = 779291371;
	methodName = showInfo;
	description = price是100,折扣是0.5,总价是50.0;

]]></system-out>
  <system-err><![CDATA[]]></system-err>
</testsuite>
